<?xml version="1.0" encoding="UTF-8"?>
<testng-results ignored="0" total="1" passed="1" failed="0" skipped="0">
  <reporter-output>
  </reporter-output>
  <suite started-at="2021-11-13T12:17:38Z" name="Gradle suite" finished-at="2021-11-13T12:17:39Z" duration-ms="56">
    <groups>
    </groups>
    <test started-at="2021-11-13T12:17:38Z" name="Gradle test" finished-at="2021-11-13T12:17:39Z" duration-ms="56">
      <class name="dragon.lexer.DragonLexerTest">
        <test-method is-config="true" signature="setUp()[pri:0, instance:dragon.lexer.DragonLexerTest@32523578]" started-at="2021-11-13T12:17:38Z" name="setUp" finished-at="2021-11-13T12:17:38Z" duration-ms="15" status="PASS">
          <reporter-output>
          </reporter-output>
        </test-method> <!-- setUp -->
        <test-method signature="testNextToken()[pri:0, instance:dragon.lexer.DragonLexerTest@32523578]" started-at="2021-11-13T12:17:38Z" name="testNextToken" finished-at="2021-11-13T12:17:39Z" duration-ms="25" status="PASS">
          <reporter-output>
          </reporter-output>
        </test-method> <!-- testNextToken -->
        <test-method is-config="true" signature="tearDown()[pri:0, instance:dragon.lexer.DragonLexerTest@32523578]" started-at="2021-11-13T12:17:39Z" name="tearDown" finished-at="2021-11-13T12:17:39Z" duration-ms="0" status="PASS">
          <reporter-output>
          </reporter-output>
        </test-method> <!-- tearDown -->
      </class> <!-- dragon.lexer.DragonLexerTest -->
    </test> <!-- Gradle test -->
  </suite> <!-- Gradle suite -->
</testng-results>
